[2025-03-25T02:56:10.453Z] 开始检查模组更新...
[2025-03-25T02:56:10.459Z] 正在检查模组 TeamHeals 的更新...
[2025-03-25T02:56:24.835Z] 开始检查模组更新...
[2025-03-25T02:56:24.838Z] 正在检查模组 TeamHeals 的更新...
[2025-03-25T02:56:26.181Z] 从元数据提取到版本号: 1.0.1
[2025-03-25T02:56:26.183Z] 从表格提取到更新日期: 2 weeks ago
[2025-03-25T02:56:26.183Z] 提取到下载链接: https://thunderstore.io/package/download/EvilCheetah/TeamHeals/1.0.1/
[2025-03-25T02:56:26.183Z] 模组 TeamHeals 没有更新
[2025-03-25T02:56:26.184Z] 配置已保存
[2025-03-25T02:56:28.185Z] 正在检查模组 REPORoles 的更新...
[2025-03-25T02:56:28.772Z] 从元数据提取到版本号: 1.3.4
[2025-03-25T02:56:28.773Z] 从表格提取到更新日期: 4 days ago
[2025-03-25T02:56:28.774Z] 提取到下载链接: https://thunderstore.io/package/download/BobisMods/REPORoles/1.3.4/
[2025-03-25T02:56:28.774Z] 模组 REPORoles 没有更新
[2025-03-25T02:56:28.774Z] 配置已保存
[2025-03-25T02:56:30.776Z] 正在检查模组 MorePlayers 的更新...
[2025-03-25T02:56:31.330Z] 从元数据提取到版本号: 1.0.4
[2025-03-25T02:56:31.331Z] 从表格提取到更新日期: 3 weeks ago
[2025-03-25T02:56:31.332Z] 提取到下载链接: https://thunderstore.io/package/download/zelofi/MorePlayers/1.0.4/
[2025-03-25T02:56:31.332Z] 模组 MorePlayers 没有更新
[2025-03-25T02:56:31.332Z] 配置已保存
[2025-03-25T02:56:33.333Z] 正在检查模组 ShrinkerCart 的更新...
[2025-03-25T02:56:34.462Z] 从元数据提取到版本号: 0.1.0
[2025-03-25T02:56:34.464Z] 从表格提取到更新日期: 3 weeks ago
[2025-03-25T02:56:34.466Z] 提取到下载链接: https://thunderstore.io/package/download/Oksamies/ShrinkerCart/0.1.0/
[2025-03-25T02:56:34.466Z] 模组 ShrinkerCart 没有更新
[2025-03-25T02:56:34.467Z] 配置已保存
[2025-03-25T02:56:36.468Z] 正在检查模组 Enemy_Location 的更新...
[2025-03-25T02:56:37.045Z] 从元数据提取到版本号: 1.0.3
[2025-03-25T02:56:37.046Z] 从表格提取到更新日期: 5 days ago
[2025-03-25T02:56:37.047Z] 提取到下载链接: https://thunderstore.io/package/download/WZK/Enemy_Location/1.0.3/
[2025-03-25T02:56:37.047Z] 模组 Enemy_Location 没有更新
[2025-03-25T02:56:37.048Z] 配置已保存
[2025-03-25T02:56:39.050Z] 正在检查模组 LegoGnomes 的更新...
[2025-03-25T02:56:39.738Z] 从元数据提取到版本号: 1.0.2
[2025-03-25T02:56:39.740Z] 从表格提取到更新日期: 2 weeks ago
[2025-03-25T02:56:39.740Z] 提取到下载链接: https://thunderstore.io/package/download/ColtG5/LegoGnomes/1.0.2/
[2025-03-25T02:56:39.740Z] 模组 LegoGnomes 没有更新
[2025-03-25T02:56:39.741Z] 配置已保存
[2025-03-25T02:56:41.742Z] 正在检查模组 EvenMoreHead 的更新...
[2025-03-25T02:56:42.361Z] 从元数据提取到版本号: 0.1.6
[2025-03-25T02:56:42.362Z] 从表格提取到更新日期: a week ago
[2025-03-25T02:56:42.363Z] 提取到下载链接: https://thunderstore.io/package/download/DEMMERS/EvenMoreHead/0.1.6/
[2025-03-25T02:56:42.363Z] 模组 EvenMoreHead 没有更新
[2025-03-25T02:56:42.364Z] 配置已保存
[2025-03-25T02:56:44.365Z] 正在检查模组 ImprovedStamina 的更新...
[2025-03-25T02:56:45.008Z] 从元数据提取到版本号: 1.2.0
[2025-03-25T02:56:45.008Z] 从表格提取到更新日期: 2 weeks ago
[2025-03-25T02:56:45.010Z] 提取到下载链接: https://thunderstore.io/package/download/Flopper/ImprovedStamina/1.2.0/
[2025-03-25T02:56:45.010Z] 模组 ImprovedStamina 没有更新
[2025-03-25T02:56:45.010Z] 配置已保存
[2025-03-25T02:56:47.012Z] 正在检查模组 InfiniteStamina 的更新...
[2025-03-25T02:56:48.120Z] 从元数据提取到版本号: 1.0.0
[2025-03-25T02:56:48.121Z] 从表格提取到更新日期: 3 weeks ago
[2025-03-25T02:56:48.121Z] 提取到下载链接: https://thunderstore.io/package/download/GalaCorp/InfiniteStamina/1.0.0/
[2025-03-25T02:56:48.121Z] 模组 InfiniteStamina 没有更新
[2025-03-25T02:56:48.121Z] 配置已保存
[2025-03-25T02:56:50.122Z] 正在检查模组 BensCosmetics 的更新...
[2025-03-25T02:56:50.746Z] 从元数据提取到版本号: 1.4.1
[2025-03-25T02:56:50.747Z] 从表格提取到更新日期: 8 hours ago
[2025-03-25T02:56:50.747Z] 提取到下载链接: https://thunderstore.io/package/download/Bengimi/BensCosmetics/1.4.1/
[2025-03-25T02:56:50.748Z] 版本号变更: 1.3.9 -> 1.4.1
[2025-03-25T02:56:50.748Z] 发现模组 BensCosmetics 有更新
[2025-03-25T02:56:50.748Z] 正在下载模组: https://thunderstore.io/package/download/Bengimi/BensCosmetics/1.4.1/
[2025-03-25T02:56:50.748Z] 开始下载文件: https://thunderstore.io/package/download/Bengimi/BensCosmetics/1.4.1/
[2025-03-25T02:56:59.278Z] 文件下载完成: /Users/shiminzhang/Desktop/game/repomad/public/downloads/repomod-BensCosmetics-1.4.1.zip
[2025-03-25T02:56:59.279Z] 已下载模组到: /Users/shiminzhang/Desktop/game/repomad/public/downloads/repomod-BensCosmetics-1.4.1.zip
[2025-03-25T02:56:59.284Z] 配置已保存
[2025-03-25T02:56:59.284Z] 模组 BensCosmetics 更新完成
[2025-03-25T02:57:01.286Z] 正在检查模组 REPOLib 的更新...
[2025-03-25T02:57:03.129Z] 从元数据提取到版本号: 1.5.0
[2025-03-25T02:57:03.131Z] 从表格提取到更新日期: 7 hours ago
[2025-03-25T02:57:03.132Z] 提取到下载链接: https://thunderstore.io/package/download/Zehs/REPOLib/1.5.0/
[2025-03-25T02:57:03.132Z] 版本号变更: 1.4.2 -> 1.5.0
[2025-03-25T02:57:03.132Z] 发现模组 REPOLib 有更新
[2025-03-25T02:57:03.132Z] 正在下载模组: https://thunderstore.io/package/download/Zehs/REPOLib/1.5.0/
[2025-03-25T02:57:03.132Z] 开始下载文件: https://thunderstore.io/package/download/Zehs/REPOLib/1.5.0/
[2025-03-25T02:57:03.843Z] 文件下载完成: /Users/shiminzhang/Desktop/game/repomad/public/downloads/repomod-REPOLib-1.5.0.zip
[2025-03-25T02:57:03.843Z] 已下载模组到: /Users/shiminzhang/Desktop/game/repomad/public/downloads/repomod-REPOLib-1.5.0.zip
[2025-03-25T02:57:03.844Z] 配置已保存
[2025-03-25T02:57:03.844Z] 模组 REPOLib 更新完成
[2025-03-25T02:57:05.846Z] 正在检查模组 MoreHead 的更新...
[2025-03-25T02:57:07.168Z] 从元数据提取到版本号: 1.2.8
[2025-03-25T02:57:07.169Z] 从表格提取到更新日期: 2 days ago
[2025-03-25T02:57:07.169Z] 提取到下载链接: https://thunderstore.io/package/download/YMC_MHZ/MoreHead/1.2.8/
[2025-03-25T02:57:07.169Z] 模组 MoreHead 没有更新
[2025-03-25T02:57:07.169Z] 配置已保存
[2025-03-25T02:57:09.171Z] 正在检查模组 MoreReviveHP 的更新...
[2025-03-25T02:57:09.888Z] 从元数据提取到版本号: 1.0.1
[2025-03-25T02:57:09.889Z] 从表格提取到更新日期: 2 weeks ago
[2025-03-25T02:57:09.889Z] 提取到下载链接: https://thunderstore.io/package/download/Tidaleus/MoreReviveHP/1.0.1/
[2025-03-25T02:57:09.889Z] 模组 MoreReviveHP 没有更新
[2025-03-25T02:57:09.890Z] 配置已保存
[2025-03-25T02:57:11.891Z] 正在检查模组 MoreHeadPlus 的更新...
[2025-03-25T02:57:12.654Z] 从元数据提取到版本号: 0.3.0
[2025-03-25T02:57:12.655Z] 从表格提取到更新日期: 2 days ago
[2025-03-25T02:57:12.655Z] 提取到下载链接: https://thunderstore.io/package/download/RESET/MoreHeadPlus/0.3.0/
[2025-03-25T02:57:12.656Z] 模组 MoreHeadPlus 没有更新
[2025-03-25T02:57:12.656Z] 配置已保存
[2025-03-25T02:57:14.658Z] 正在检查模组 LateJoin 的更新...
[2025-03-25T02:57:15.229Z] 从元数据提取到版本号: 0.1.2
[2025-03-25T02:57:15.230Z] 从表格提取到更新日期: 2 weeks ago
[2025-03-25T02:57:15.230Z] 提取到下载链接: https://thunderstore.io/package/download/Rebateman/LateJoin/0.1.2/
[2025-03-25T02:57:15.230Z] 模组 LateJoin 没有更新
[2025-03-25T02:57:15.230Z] 配置已保存
[2025-03-25T02:57:17.234Z] 正在检查模组 MoreShopItems 的更新...
[2025-03-25T02:57:17.812Z] 从元数据提取到版本号: 1.2.6
[2025-03-25T02:57:17.813Z] 从表格提取到更新日期: 2 days ago
[2025-03-25T02:57:17.814Z] 提取到下载链接: https://thunderstore.io/package/download/GalaxyMods/MoreShopItems/1.2.6/
[2025-03-25T02:57:17.814Z] 模组 MoreShopItems 没有更新
[2025-03-25T02:57:17.816Z] 配置已保存
[2025-03-25T02:57:19.819Z] 正在检查模组 TeamUpgrades 的更新...
[2025-03-25T02:57:20.422Z] 从元数据提取到版本号: 1.1.4
[2025-03-25T02:57:20.422Z] 从表格提取到更新日期: 2 weeks ago
[2025-03-25T02:57:20.423Z] 提取到下载链接: https://thunderstore.io/package/download/EvilCheetah/TeamUpgrades/1.1.4/
[2025-03-25T02:57:20.423Z] 模组 TeamUpgrades 没有更新
[2025-03-25T02:57:20.423Z] 配置已保存
[2025-03-25T02:57:22.425Z] 正在检查模组 MenuLib 的更新...
[2025-03-25T02:57:23.103Z] 从元数据提取到版本号: 2.1.1
[2025-03-25T02:57:23.104Z] 从表格提取到更新日期: 2 hours ago
[2025-03-25T02:57:23.104Z] 提取到下载链接: https://thunderstore.io/package/download/nickklmao/MenuLib/2.1.1/
[2025-03-25T02:57:23.104Z] 版本号变更: 2.1.0 -> 2.1.1
[2025-03-25T02:57:23.104Z] 发现模组 MenuLib 有更新
[2025-03-25T02:57:23.105Z] 正在下载模组: https://thunderstore.io/package/download/nickklmao/MenuLib/2.1.1/
[2025-03-25T02:57:23.105Z] 开始下载文件: https://thunderstore.io/package/download/nickklmao/MenuLib/2.1.1/
[2025-03-25T02:57:24.415Z] 文件下载完成: /Users/shiminzhang/Desktop/game/repomad/public/downloads/repomod-MenuLib-2.1.1.zip
[2025-03-25T02:57:24.416Z] 已下载模组到: /Users/shiminzhang/Desktop/game/repomad/public/downloads/repomod-MenuLib-2.1.1.zip
[2025-03-25T02:57:24.417Z] 配置已保存
[2025-03-25T02:57:24.417Z] 模组 MenuLib 更新完成
[2025-03-25T02:57:26.421Z] 正在检查模组 MoreUpgrades 的更新...
[2025-03-25T02:57:27.339Z] 从元数据提取到版本号: 1.3.8
[2025-03-25T02:57:27.340Z] 从表格提取到更新日期: 3 minutes ago
[2025-03-25T02:57:27.341Z] 提取到下载链接: https://thunderstore.io/package/download/BULLETBOT/MoreUpgrades/1.3.8/
[2025-03-25T02:57:27.341Z] 版本号变更: 1.3.6 -> 1.3.8
[2025-03-25T02:57:27.341Z] 发现模组 MoreUpgrades 有更新
[2025-03-25T02:57:27.341Z] 正在下载模组: https://thunderstore.io/package/download/BULLETBOT/MoreUpgrades/1.3.8/
[2025-03-25T02:57:27.341Z] 开始下载文件: https://thunderstore.io/package/download/BULLETBOT/MoreUpgrades/1.3.8/
[2025-03-25T02:57:28.493Z] 文件下载完成: /Users/shiminzhang/Desktop/game/repomad/public/downloads/repomod-MoreUpgrades-1.3.8.zip
[2025-03-25T02:57:28.493Z] 已下载模组到: /Users/shiminzhang/Desktop/game/repomad/public/downloads/repomod-MoreUpgrades-1.3.8.zip
[2025-03-25T02:57:28.494Z] 配置已保存
[2025-03-25T02:57:28.494Z] 模组 MoreUpgrades 更新完成
[2025-03-25T02:57:30.498Z] 正在检查模组 ExtractionPointConfirmButton 的更新...
[2025-03-25T02:57:31.507Z] 从元数据提取到版本号: 1.0.1
[2025-03-25T02:57:31.508Z] 从表格提取到更新日期: 2 weeks ago
[2025-03-25T02:57:31.508Z] 提取到下载链接: https://thunderstore.io/package/download/Zehs/ExtractionPointConfirmButton/1.0.1/
[2025-03-25T02:57:31.508Z] 模组 ExtractionPointConfirmButton 没有更新
[2025-03-25T02:57:31.508Z] 配置已保存
[2025-03-25T02:57:33.512Z] 正在检查模组 LethalCompanyValuables 的更新...
[2025-03-25T02:57:34.063Z] 从元数据提取到版本号: 1.1.1
[2025-03-25T02:57:34.063Z] 从表格提取到更新日期: a week ago
[2025-03-25T02:57:34.065Z] 提取到下载链接: https://thunderstore.io/package/download/Zehs/LethalCompanyValuables/1.1.1/
[2025-03-25T02:57:34.066Z] 模组 LethalCompanyValuables 没有更新
[2025-03-25T02:57:34.066Z] 配置已保存
[2025-03-25T02:57:36.069Z] 正在检查模组 InfiniteEnergyCrystals 的更新...
[2025-03-25T02:57:37.137Z] 从元数据提取到版本号: 1.0.1
[2025-03-25T02:57:37.138Z] 从表格提取到更新日期: 2 weeks ago
[2025-03-25T02:57:37.138Z] 提取到下载链接: https://thunderstore.io/package/download/Lazarus/InfiniteEnergyCrystals/1.0.1/
[2025-03-25T02:57:37.138Z] 模组 InfiniteEnergyCrystals 没有更新
[2025-03-25T02:57:37.139Z] 配置已保存
[2025-03-25T02:57:39.141Z] 正在检查模组 EvenMoreHats 的更新...
[2025-03-25T02:57:39.701Z] 从元数据提取到版本号: 1.2.1
[2025-03-25T02:57:39.702Z] 从表格提取到更新日期: an hour ago
[2025-03-25T02:57:39.703Z] 提取到下载链接: https://thunderstore.io/package/download/fedorabunnies/EvenMoreHats/1.2.1/
[2025-03-25T02:57:39.703Z] 模组 EvenMoreHats 没有更新
[2025-03-25T02:57:39.703Z] 配置已保存
[2025-03-25T02:57:41.705Z] 正在检查模组 FunnyItems 的更新...
[2025-03-25T02:57:42.221Z] 从元数据提取到版本号: 1.3.0
[2025-03-25T02:57:42.222Z] 从表格提取到更新日期: 2 hours ago
[2025-03-25T02:57:42.222Z] 提取到下载链接: https://thunderstore.io/package/download/Ako/FunnyItems/1.3.0/
[2025-03-25T02:57:42.223Z] 模组 FunnyItems 没有更新
[2025-03-25T02:57:42.223Z] 配置已保存
[2025-03-25T02:57:44.225Z] 正在检查模组 Mimic 的更新...
[2025-03-25T02:57:44.803Z] 从元数据提取到版本号: 1.1.0
[2025-03-25T02:57:44.804Z] 从表格提取到更新日期: a day ago
[2025-03-25T02:57:44.805Z] 提取到下载链接: https://thunderstore.io/package/download/eth9n/Mimic/1.1.0/
[2025-03-25T02:57:44.805Z] 模组 Mimic 没有更新
[2025-03-25T02:57:44.806Z] 配置已保存
[2025-03-25T02:57:46.808Z] 正在检查模组 Cart_Lights_MelanieMelicious 的更新...
[2025-03-25T02:57:47.704Z] 从元数据提取到版本号: 1.0.1
[2025-03-25T02:57:47.705Z] 从表格提取到更新日期: an hour ago
[2025-03-25T02:57:47.705Z] 提取到下载链接: https://thunderstore.io/package/download/MelanieMelicious/Cart_Lights_MelanieMelicious/1.0.1/
[2025-03-25T02:57:47.706Z] 模组 Cart_Lights_MelanieMelicious 没有更新
[2025-03-25T02:57:47.706Z] 配置已保存
[2025-03-25T02:57:49.708Z] 正在检查模组 XUnity_AutoTranslator 的更新...
[2025-03-25T02:57:50.262Z] 获取模组信息失败: Request failed with status code 404
[2025-03-25T02:57:52.263Z] 正在检查模组 CustomColors 的更新...
[2025-03-25T02:57:52.902Z] 从元数据提取到版本号: 1.1.0
[2025-03-25T02:57:52.902Z] 从表格提取到更新日期: 2 weeks ago
[2025-03-25T02:57:52.903Z] 提取到下载链接: https://thunderstore.io/package/download/x753_REPO/CustomColors/1.1.0/
[2025-03-25T02:57:52.903Z] 模组 CustomColors 没有更新
[2025-03-25T02:57:52.903Z] 配置已保存
[2025-03-25T02:57:54.905Z] 正在检查模组 Lethal_Plushies 的更新...
[2025-03-25T02:57:55.884Z] 从元数据提取到版本号: 1.0.5
[2025-03-25T02:57:55.887Z] 从表格提取到更新日期: a day ago
[2025-03-25T02:57:55.888Z] 提取到下载链接: https://thunderstore.io/package/download/Spoopylocal/Lethal_Plushies/1.0.5/
[2025-03-25T02:57:55.888Z] 模组 Lethal_Plushies 没有更新
[2025-03-25T02:57:55.889Z] 配置已保存
[2025-03-25T02:57:57.891Z] 正在检查模组 FovUpdate 的更新...
[2025-03-25T02:57:58.419Z] 从元数据提取到版本号: 0.2.7
[2025-03-25T02:57:58.420Z] 从表格提取到更新日期: an hour ago
[2025-03-25T02:57:58.421Z] 提取到下载链接: https://thunderstore.io/package/download/darmuh/FovUpdate/0.2.7/
[2025-03-25T02:57:58.421Z] 模组 FovUpdate 没有更新
[2025-03-25T02:57:58.421Z] 配置已保存
[2025-03-25T02:58:00.423Z] 正在检查模组 FreecamSpectate 的更新...
[2025-03-25T02:58:00.982Z] 获取模组信息失败: Request failed with status code 404
[2025-03-25T02:58:02.985Z] 正在检查模组 DeadTTS 的更新...
[2025-03-25T02:58:03.644Z] 获取模组信息失败: Request failed with status code 404
[2025-03-25T02:58:05.645Z] 模组更新检查完成，共更新了 4 个模组
[2025-03-25T03:05:34.620Z] 开始检查模组更新...
[2025-03-25T03:05:34.631Z] 正在检查模组 TeamHeals 的更新...
[2025-03-25T03:05:36.362Z] 从元数据提取到版本号: 1.0.1
[2025-03-25T03:05:36.364Z] 从表格提取到更新日期: 2 weeks ago
[2025-03-25T03:05:36.365Z] 提取到下载链接: https://thunderstore.io/package/download/EvilCheetah/TeamHeals/1.0.1/
[2025-03-25T03:05:36.368Z] 模组 TeamHeals 没有更新
[2025-03-25T03:05:36.369Z] 配置已保存
[2025-03-25T03:05:38.371Z] 正在检查模组 REPORoles 的更新...
[2025-03-25T03:05:39.022Z] 从元数据提取到版本号: 1.3.4
[2025-03-25T03:05:39.024Z] 从表格提取到更新日期: 4 days ago
[2025-03-25T03:05:39.025Z] 提取到下载链接: https://thunderstore.io/package/download/BobisMods/REPORoles/1.3.4/
[2025-03-25T03:05:39.025Z] 模组 REPORoles 没有更新
[2025-03-25T03:05:39.025Z] 配置已保存
[2025-03-25T03:05:41.026Z] 正在检查模组 MorePlayers 的更新...
[2025-03-25T03:05:41.672Z] 从元数据提取到版本号: 1.0.4
[2025-03-25T03:05:41.675Z] 从表格提取到更新日期: 3 weeks ago
[2025-03-25T03:05:41.676Z] 提取到下载链接: https://thunderstore.io/package/download/zelofi/MorePlayers/1.0.4/
[2025-03-25T03:05:41.676Z] 模组 MorePlayers 没有更新
[2025-03-25T03:05:41.677Z] 配置已保存
[2025-03-25T03:05:43.679Z] 正在检查模组 ShrinkerCart 的更新...
[2025-03-25T03:05:44.534Z] 从元数据提取到版本号: 0.1.0
[2025-03-25T03:05:44.535Z] 从表格提取到更新日期: 3 weeks ago
[2025-03-25T03:05:44.536Z] 提取到下载链接: https://thunderstore.io/package/download/Oksamies/ShrinkerCart/0.1.0/
[2025-03-25T03:05:44.536Z] 模组 ShrinkerCart 没有更新
[2025-03-25T03:05:44.536Z] 配置已保存
[2025-03-25T03:05:46.538Z] 正在检查模组 Enemy_Location 的更新...
[2025-03-25T03:05:47.142Z] 从元数据提取到版本号: 1.0.3
[2025-03-25T03:05:47.142Z] 从表格提取到更新日期: 5 days ago
[2025-03-25T03:05:47.143Z] 提取到下载链接: https://thunderstore.io/package/download/WZK/Enemy_Location/1.0.3/
[2025-03-25T03:05:47.144Z] 模组 Enemy_Location 没有更新
[2025-03-25T03:05:47.144Z] 配置已保存
[2025-03-25T03:05:49.147Z] 正在检查模组 LegoGnomes 的更新...
[2025-03-25T03:05:49.750Z] 从元数据提取到版本号: 1.0.2
[2025-03-25T03:05:49.751Z] 从表格提取到更新日期: 2 weeks ago
[2025-03-25T03:05:49.751Z] 提取到下载链接: https://thunderstore.io/package/download/ColtG5/LegoGnomes/1.0.2/
[2025-03-25T03:05:49.751Z] 模组 LegoGnomes 没有更新
[2025-03-25T03:05:49.752Z] 配置已保存
[2025-03-25T03:05:51.754Z] 正在检查模组 EvenMoreHead 的更新...
[2025-03-25T03:05:52.349Z] 从元数据提取到版本号: 0.1.6
[2025-03-25T03:05:52.350Z] 从表格提取到更新日期: a week ago
[2025-03-25T03:05:52.350Z] 提取到下载链接: https://thunderstore.io/package/download/DEMMERS/EvenMoreHead/0.1.6/
[2025-03-25T03:05:52.351Z] 模组 EvenMoreHead 没有更新
[2025-03-25T03:05:52.351Z] 配置已保存
[2025-03-25T03:05:54.353Z] 正在检查模组 ImprovedStamina 的更新...
[2025-03-25T03:05:54.920Z] 从元数据提取到版本号: 1.2.0
[2025-03-25T03:05:54.920Z] 从表格提取到更新日期: 2 weeks ago
[2025-03-25T03:05:54.921Z] 提取到下载链接: https://thunderstore.io/package/download/Flopper/ImprovedStamina/1.2.0/
[2025-03-25T03:05:54.921Z] 模组 ImprovedStamina 没有更新
[2025-03-25T03:05:54.921Z] 配置已保存
[2025-03-25T03:05:56.923Z] 正在检查模组 InfiniteStamina 的更新...
[2025-03-25T03:05:58.667Z] 从元数据提取到版本号: 1.0.0
[2025-03-25T03:05:58.668Z] 从表格提取到更新日期: 3 weeks ago
[2025-03-25T03:05:58.669Z] 提取到下载链接: https://thunderstore.io/package/download/GalaCorp/InfiniteStamina/1.0.0/
[2025-03-25T03:05:58.669Z] 模组 InfiniteStamina 没有更新
[2025-03-25T03:05:58.670Z] 配置已保存
[2025-03-25T03:06:00.672Z] 正在检查模组 BensCosmetics 的更新...
[2025-03-25T03:06:01.279Z] 从元数据提取到版本号: 1.4.1
[2025-03-25T03:06:01.279Z] 从表格提取到更新日期: 8 hours ago
[2025-03-25T03:06:01.280Z] 提取到下载链接: https://thunderstore.io/package/download/Bengimi/BensCosmetics/1.4.1/
[2025-03-25T03:06:01.280Z] 模组 BensCosmetics 没有更新
[2025-03-25T03:06:01.280Z] 配置已保存
[2025-03-25T03:06:03.282Z] 正在检查模组 REPOLib 的更新...
[2025-03-25T03:06:03.902Z] 从元数据提取到版本号: 1.5.0
[2025-03-25T03:06:03.903Z] 从表格提取到更新日期: 7 hours ago
[2025-03-25T03:06:03.904Z] 提取到下载链接: https://thunderstore.io/package/download/Zehs/REPOLib/1.5.0/
[2025-03-25T03:06:03.904Z] 模组 REPOLib 没有更新
[2025-03-25T03:06:03.904Z] 配置已保存
[2025-03-25T03:06:05.906Z] 正在检查模组 MoreHead 的更新...
[2025-03-25T03:06:06.499Z] 从元数据提取到版本号: 1.2.8
[2025-03-25T03:06:06.499Z] 从表格提取到更新日期: 2 days ago
[2025-03-25T03:06:06.500Z] 提取到下载链接: https://thunderstore.io/package/download/YMC_MHZ/MoreHead/1.2.8/
[2025-03-25T03:06:06.500Z] 模组 MoreHead 没有更新
[2025-03-25T03:06:06.500Z] 配置已保存
[2025-03-25T03:06:08.502Z] 正在检查模组 MoreReviveHP 的更新...
[2025-03-25T03:06:09.212Z] 从元数据提取到版本号: 1.0.1
[2025-03-25T03:06:09.214Z] 从表格提取到更新日期: 2 weeks ago
[2025-03-25T03:06:09.214Z] 提取到下载链接: https://thunderstore.io/package/download/Tidaleus/MoreReviveHP/1.0.1/
[2025-03-25T03:06:09.214Z] 模组 MoreReviveHP 没有更新
[2025-03-25T03:06:09.215Z] 配置已保存
[2025-03-25T03:06:11.217Z] 正在检查模组 MoreHeadPlus 的更新...
[2025-03-25T03:06:12.488Z] 从元数据提取到版本号: 0.3.0
[2025-03-25T03:06:12.489Z] 从表格提取到更新日期: 2 days ago
[2025-03-25T03:06:12.490Z] 提取到下载链接: https://thunderstore.io/package/download/RESET/MoreHeadPlus/0.3.0/
[2025-03-25T03:06:12.490Z] 模组 MoreHeadPlus 没有更新
[2025-03-25T03:06:12.491Z] 配置已保存
[2025-03-25T03:06:14.492Z] 正在检查模组 LateJoin 的更新...
[2025-03-25T03:06:15.149Z] 从元数据提取到版本号: 0.1.2
[2025-03-25T03:06:15.150Z] 从表格提取到更新日期: 2 weeks ago
[2025-03-25T03:06:15.150Z] 提取到下载链接: https://thunderstore.io/package/download/Rebateman/LateJoin/0.1.2/
[2025-03-25T03:06:15.150Z] 模组 LateJoin 没有更新
[2025-03-25T03:06:15.151Z] 配置已保存
[2025-03-25T03:06:17.152Z] 正在检查模组 MoreShopItems 的更新...
[2025-03-25T03:06:17.809Z] 从元数据提取到版本号: 1.2.6
[2025-03-25T03:06:17.809Z] 从表格提取到更新日期: 2 days ago
[2025-03-25T03:06:17.810Z] 提取到下载链接: https://thunderstore.io/package/download/GalaxyMods/MoreShopItems/1.2.6/
[2025-03-25T03:06:17.810Z] 模组 MoreShopItems 没有更新
[2025-03-25T03:06:17.810Z] 配置已保存
[2025-03-25T03:06:19.812Z] 正在检查模组 TeamUpgrades 的更新...
[2025-03-25T03:06:20.782Z] 从元数据提取到版本号: 1.1.4
[2025-03-25T03:06:20.783Z] 从表格提取到更新日期: 2 weeks ago
[2025-03-25T03:06:20.783Z] 提取到下载链接: https://thunderstore.io/package/download/EvilCheetah/TeamUpgrades/1.1.4/
[2025-03-25T03:06:20.783Z] 模组 TeamUpgrades 没有更新
[2025-03-25T03:06:20.784Z] 配置已保存
[2025-03-25T03:06:22.785Z] 正在检查模组 MenuLib 的更新...
[2025-03-25T03:06:23.371Z] 从元数据提取到版本号: 2.1.1
[2025-03-25T03:06:23.372Z] 从表格提取到更新日期: 2 hours ago
[2025-03-25T03:06:23.373Z] 提取到下载链接: https://thunderstore.io/package/download/nickklmao/MenuLib/2.1.1/
[2025-03-25T03:06:23.373Z] 模组 MenuLib 没有更新
[2025-03-25T03:06:23.373Z] 配置已保存
[2025-03-25T03:06:25.375Z] 正在检查模组 MoreUpgrades 的更新...
[2025-03-25T03:06:26.005Z] 从元数据提取到版本号: 1.3.8
[2025-03-25T03:06:26.006Z] 从表格提取到更新日期: 8 minutes ago
[2025-03-25T03:06:26.007Z] 提取到下载链接: https://thunderstore.io/package/download/BULLETBOT/MoreUpgrades/1.3.8/
[2025-03-25T03:06:26.007Z] 模组 MoreUpgrades 没有更新
[2025-03-25T03:06:26.007Z] 配置已保存
[2025-03-25T03:06:28.009Z] 正在检查模组 ExtractionPointConfirmButton 的更新...
[2025-03-25T03:06:28.667Z] 从元数据提取到版本号: 1.0.1
[2025-03-25T03:06:28.668Z] 从表格提取到更新日期: 2 weeks ago
[2025-03-25T03:06:28.668Z] 提取到下载链接: https://thunderstore.io/package/download/Zehs/ExtractionPointConfirmButton/1.0.1/
[2025-03-25T03:06:28.668Z] 模组 ExtractionPointConfirmButton 没有更新
[2025-03-25T03:06:28.669Z] 配置已保存
[2025-03-25T03:06:30.670Z] 正在检查模组 LethalCompanyValuables 的更新...
[2025-03-25T03:06:31.425Z] 从元数据提取到版本号: 1.1.1
[2025-03-25T03:06:31.425Z] 从表格提取到更新日期: a week ago
[2025-03-25T03:06:31.426Z] 提取到下载链接: https://thunderstore.io/package/download/Zehs/LethalCompanyValuables/1.1.1/
[2025-03-25T03:06:31.426Z] 模组 LethalCompanyValuables 没有更新
[2025-03-25T03:06:31.426Z] 配置已保存
[2025-03-25T03:06:33.428Z] 正在检查模组 InfiniteEnergyCrystals 的更新...
[2025-03-25T03:06:34.090Z] 从元数据提取到版本号: 1.0.1
[2025-03-25T03:06:34.090Z] 从表格提取到更新日期: 2 weeks ago
[2025-03-25T03:06:34.091Z] 提取到下载链接: https://thunderstore.io/package/download/Lazarus/InfiniteEnergyCrystals/1.0.1/
[2025-03-25T03:06:34.091Z] 模组 InfiniteEnergyCrystals 没有更新
[2025-03-25T03:06:34.091Z] 配置已保存
[2025-03-25T03:06:36.092Z] 正在检查模组 EvenMoreHats 的更新...
[2025-03-25T03:06:36.723Z] 从元数据提取到版本号: 1.2.1
[2025-03-25T03:06:36.724Z] 从表格提取到更新日期: an hour ago
[2025-03-25T03:06:36.724Z] 提取到下载链接: https://thunderstore.io/package/download/fedorabunnies/EvenMoreHats/1.2.1/
[2025-03-25T03:06:36.724Z] 模组 EvenMoreHats 没有更新
[2025-03-25T03:06:36.724Z] 配置已保存
[2025-03-25T03:06:38.726Z] 正在检查模组 FunnyItems 的更新...
[2025-03-25T03:06:39.325Z] 从元数据提取到版本号: 1.3.0
[2025-03-25T03:06:39.325Z] 从表格提取到更新日期: 2 hours ago
[2025-03-25T03:06:39.326Z] 提取到下载链接: https://thunderstore.io/package/download/Ako/FunnyItems/1.3.0/
[2025-03-25T03:06:39.326Z] 模组 FunnyItems 没有更新
[2025-03-25T03:06:39.326Z] 配置已保存
[2025-03-25T03:06:41.327Z] 正在检查模组 Mimic 的更新...
[2025-03-25T03:06:42.080Z] 从元数据提取到版本号: 1.1.0
[2025-03-25T03:06:42.081Z] 从表格提取到更新日期: a day ago
[2025-03-25T03:06:42.081Z] 提取到下载链接: https://thunderstore.io/package/download/eth9n/Mimic/1.1.0/
[2025-03-25T03:06:42.082Z] 模组 Mimic 没有更新
[2025-03-25T03:06:42.083Z] 配置已保存
[2025-03-25T03:06:44.085Z] 正在检查模组 Cart_Lights_MelanieMelicious 的更新...
[2025-03-25T03:06:44.849Z] 从元数据提取到版本号: 1.0.1
[2025-03-25T03:06:44.850Z] 从表格提取到更新日期: an hour ago
[2025-03-25T03:06:44.850Z] 提取到下载链接: https://thunderstore.io/package/download/MelanieMelicious/Cart_Lights_MelanieMelicious/1.0.1/
[2025-03-25T03:06:44.851Z] 模组 Cart_Lights_MelanieMelicious 没有更新
[2025-03-25T03:06:44.851Z] 配置已保存
[2025-03-25T03:06:46.852Z] 正在检查模组 XUnity_AutoTranslator 的更新...
[2025-03-25T03:06:47.433Z] 从元数据提取到版本号: 5.4.4
[2025-03-25T03:06:47.433Z] 从表格提取到更新日期: a week ago
[2025-03-25T03:06:47.434Z] 提取到下载链接: https://thunderstore.io/package/download/Hayrizan/XUnity_AutoTranslator/5.4.4/
[2025-03-25T03:06:47.434Z] 模组 XUnity_AutoTranslator 没有更新
[2025-03-25T03:06:47.434Z] 配置已保存
[2025-03-25T03:06:49.436Z] 正在检查模组 CustomColors 的更新...
[2025-03-25T03:06:50.169Z] 从元数据提取到版本号: 1.1.0
[2025-03-25T03:06:50.170Z] 从表格提取到更新日期: 2 weeks ago
[2025-03-25T03:06:50.170Z] 提取到下载链接: https://thunderstore.io/package/download/x753_REPO/CustomColors/1.1.0/
[2025-03-25T03:06:50.170Z] 模组 CustomColors 没有更新
[2025-03-25T03:06:50.171Z] 配置已保存
[2025-03-25T03:06:52.172Z] 正在检查模组 Lethal_Plushies 的更新...
[2025-03-25T03:06:52.760Z] 从元数据提取到版本号: 1.0.5
[2025-03-25T03:06:52.761Z] 从表格提取到更新日期: a day ago
[2025-03-25T03:06:52.762Z] 提取到下载链接: https://thunderstore.io/package/download/Spoopylocal/Lethal_Plushies/1.0.5/
[2025-03-25T03:06:52.762Z] 模组 Lethal_Plushies 没有更新
[2025-03-25T03:06:52.763Z] 配置已保存
[2025-03-25T03:06:54.763Z] 正在检查模组 FovUpdate 的更新...
[2025-03-25T03:06:55.392Z] 从元数据提取到版本号: 0.2.7
[2025-03-25T03:06:55.393Z] 从表格提取到更新日期: an hour ago
[2025-03-25T03:06:55.393Z] 提取到下载链接: https://thunderstore.io/package/download/darmuh/FovUpdate/0.2.7/
[2025-03-25T03:06:55.394Z] 模组 FovUpdate 没有更新
[2025-03-25T03:06:55.394Z] 配置已保存
[2025-03-25T03:06:57.395Z] 正在检查模组 FreecamSpectate 的更新...
[2025-03-25T03:06:58.007Z] 从元数据提取到版本号: 1.1.0
[2025-03-25T03:06:58.008Z] 从表格提取到更新日期: a day ago
[2025-03-25T03:06:58.008Z] 提取到下载链接: https://thunderstore.io/package/download/nickklmao/FreecamSpectate/1.1.0/
[2025-03-25T03:06:58.008Z] 版本号变更: 0.1.2 -> 1.1.0
[2025-03-25T03:06:58.008Z] 发现模组 FreecamSpectate 有更新
[2025-03-25T03:06:58.008Z] 文件已存在，无需重新下载: /Users/shiminzhang/Desktop/game/repomad/public/downloads/repomod-FreecamSpectate-1.1.0.zip
[2025-03-25T03:06:58.010Z] 配置已保存
[2025-03-25T03:06:58.011Z] 模组 FreecamSpectate 更新完成
[2025-03-25T03:07:00.015Z] 正在检查模组 DeadTTS 的更新...
[2025-03-25T03:07:00.718Z] 从元数据提取到版本号: 1.0.3
[2025-03-25T03:07:00.719Z] 从表格提取到更新日期: 5 hours ago
[2025-03-25T03:07:00.719Z] 提取到下载链接: https://thunderstore.io/package/download/flipf17/DeadTTS/1.0.3/
[2025-03-25T03:07:00.719Z] 版本号变更: 1.2.1 -> 1.0.3
[2025-03-25T03:07:00.719Z] 发现模组 DeadTTS 有更新
[2025-03-25T03:07:00.719Z] 文件已存在，无需重新下载: /Users/shiminzhang/Desktop/game/repomad/public/downloads/repomod-DeadTTS-1.0.3.zip
[2025-03-25T03:07:00.720Z] 警告: 未找到版本号标签，无法更新版本号
[2025-03-25T03:07:00.720Z] 警告: 未找到更新日期标签，无法更新日期信息
[2025-03-25T03:07:00.720Z] 警告: 未找到下载链接，无法更新下载链接
[2025-03-25T03:07:00.721Z] 警告: 未找到下载按钮文本，无法更新按钮文本
[2025-03-25T03:07:00.721Z] 警告: 页面内容未发生变化，可能需要手动检查页面格式: /Users/shiminzhang/Desktop/game/repomad/src/app/repomod-DeadTTS/page.tsx
[2025-03-25T03:07:00.721Z] 配置已保存
[2025-03-25T03:07:00.721Z] 模组 DeadTTS 更新完成
[2025-03-25T03:07:02.722Z] 模组更新检查完成，共更新了 2 个模组
